0 info it worked if it ends with ok
1 verbose cli [ '/usr/bin/node', '/usr/bin/npm', 'run', 'dev' ]
2 info using npm@3.5.2
3 info using node@v8.10.0
4 verbose run-script [ 'predev', 'dev', 'postdev' ]
5 info lifecycle Starter-theme@1.0.0~predev: Starter-theme@1.0.0
6 silly lifecycle Starter-theme@1.0.0~predev: no script for predev, continuing
7 info lifecycle Starter-theme@1.0.0~dev: Starter-theme@1.0.0
8 verbose lifecycle Starter-theme@1.0.0~dev: unsafe-perm in lifecycle true
9 verbose lifecycle Starter-theme@1.0.0~dev: PATH: /usr/share/npm/bin/node-gyp-bin:/var/www/wp-starter-theme-master/node_modules/.bin:/var/www/wp-starter-theme-master/node_modules/.bin:/usr/local/sbin:/usr/local/bin:/usr/sbin:/usr/bin:/sbin:/bin:/usr/games:/usr/local/games:/snap/bin
10 verbose lifecycle Starter-theme@1.0.0~dev: CWD: /var/www/wp-starter-theme-master
11 silly lifecycle Starter-theme@1.0.0~dev: Args: [ '-c', 'NODE_ENV=development webpack' ]
12 info lifecycle Starter-theme@1.0.0~dev: Failed to exec dev script
13 verbose stack Error: Starter-theme@1.0.0 dev: `NODE_ENV=development webpack`
13 verbose stack spawn ENOENT
13 verbose stack     at ChildProcess.<anonymous> (/usr/share/npm/lib/utils/spawn.js:17:16)
13 verbose stack     at emitTwo (events.js:126:13)
13 verbose stack     at ChildProcess.emit (events.js:214:7)
13 verbose stack     at maybeClose (internal/child_process.js:925:16)
13 verbose stack     at Process.ChildProcess._handle.onexit (internal/child_process.js:209:5)
14 verbose pkgid Starter-theme@1.0.0
15 verbose cwd /var/www/wp-starter-theme-master
16 error Linux 5.0.0-37-generic
17 error argv "/usr/bin/node" "/usr/bin/npm" "run" "dev"
18 error node v8.10.0
19 error npm  v3.5.2
20 error file sh
21 error code ELIFECYCLE
22 error errno ENOENT
23 error syscall spawn
24 error Starter-theme@1.0.0 dev: `NODE_ENV=development webpack`
24 error spawn ENOENT
25 error Failed at the Starter-theme@1.0.0 dev script 'NODE_ENV=development webpack'.
25 error Make sure you have the latest version of node.js and npm installed.
25 error If you do, this is most likely a problem with the Starter-theme package,
25 error not with npm itself.
25 error Tell the author that this fails on your system:
25 error     NODE_ENV=development webpack
25 error You can get information on how to open an issue for this project with:
25 error     npm bugs Starter-theme
25 error Or if that isn't available, you can get their info via:
25 error     npm owner ls Starter-theme
25 error There is likely additional logging output above.
26 verbose exit [ 1, true ]
